<?xml version="1.0" encoding="UTF-8"?>
<!-- Generated by org.testng.reporters.JUnitReportReporter -->
<testsuite hostname="2012-20131115RS" name="com.vdisk.test.share.TestShareCopy" tests="1" failures="0" timestamp="30 Dec 2013 05:57:27 GMT" time="63.093" errors="0">
  <testcase name="testShareCopy" time="63.093" classname="com.vdisk.test.share.TestShareCopy"/>
</testsuite> <!-- com.vdisk.test.share.TestShareCopy -->
