<?xml version="1.0" encoding="UTF-8"?>
<!-- Generated by org.testng.reporters.JUnitReportReporter -->
<testsuite hostname="2012-20131115RS" name="com.vdisk.test.linkcommon.TestLinkcommonCpoy" tests="1" failures="0" timestamp="29 Dec 2013 11:59:43 GMT" time="0.641" errors="0">
  <testcase name="testLinkcommonCpoy" time="0.641" classname="com.vdisk.test.linkcommon.TestLinkcommonCpoy"/>
</testsuite> <!-- com.vdisk.test.linkcommon.TestLinkcommonCpoy -->
