<?xml version="1.0" encoding="UTF-8"?>
<!-- Generated by org.testng.reporters.JUnitReportReporter -->
<testsuite hostname="2012-20131115RS" name="com.vdisk.test.linkcommon.TestLinkcommonThumbnails" tests="1" failures="0" timestamp="27 Dec 2013 02:54:06 GMT" time="0.203" errors="0">
  <testcase name="testLinkcommonThumbnails" time="0.203" classname="com.vdisk.test.linkcommon.TestLinkcommonThumbnails"/>
</testsuite> <!-- com.vdisk.test.linkcommon.TestLinkcommonThumbnails -->
