<?xml version="1.0" encoding="UTF-8"?>
<!-- Generated by org.testng.reporters.JUnitReportReporter -->
<testsuite hostname="2012-20131115RS" name="com.vdisk.test.user.TestAccountInfo" tests="1" failures="0" timestamp="24 Dec 2013 10:47:53 GMT" time="0.547" errors="0">
  <testcase name="testAccountInfo" time="0.547" classname="com.vdisk.test.user.TestAccountInfo"/>
</testsuite> <!-- com.vdisk.test.user.TestAccountInfo -->
